Reading netlist file: "C:\Users\Admin\Documents\TCS34725\impl\gwsynthesis\TCS34725.vg"
Parsing netlist file "C:\Users\Admin\Documents\TCS34725\impl\gwsynthesis\TCS34725.vg" completed
Processing netlist completed
Reading constraint file: "C:\Users\Admin\Documents\TCS34725\src\TCS34725.cst"
Physical Constraint parsed completed
Running placement......
[10%] Placement Phase 0 completed
[20%] Placement Phase 1 completed
[30%] Placement Phase 2 completed
WARN  (TA1132) :  'clk' was determined to be a clock but was not created.
WARN  (TA1132) :  'clk100k' was determined to be a clock but was not created.
WARN  (TA1132) :  'clk1500ktemp_3' was determined to be a clock but was not created.
[50%] Placement Phase 3 completed
Running routing......
[60%] Routing Phase 0 completed
[70%] Routing Phase 1 completed
[80%] Routing Phase 2 completed
[90%] Routing Phase 3 completed
Running timing analysis......
[95%] Timing analysis completed
Placement and routing completed
Bitstream generation in progress......
Bitstream generation completed
Running power analysis......
[100%] Power analysis completed
Generate file "C:\Users\Admin\Documents\TCS34725\impl\pnr\TCS34725.power.html" completed
Generate file "C:\Users\Admin\Documents\TCS34725\impl\pnr\TCS34725.pin.html" completed
Generate file "C:\Users\Admin\Documents\TCS34725\impl\pnr\TCS34725.rpt.html" completed
Generate file "C:\Users\Admin\Documents\TCS34725\impl\pnr\TCS34725.rpt.txt" completed
Generate file "C:\Users\Admin\Documents\TCS34725\impl\pnr\TCS34725.tr.html" completed
Tue Jun  3 11:25:00 2025

